#
# There is insufficient memory for the Java Runtime Environment to continue.
# Native memory allocation (mmap) failed to map 54525952 bytes for committing reserved memory.
# Possible reasons:
#   The system is out of physical RAM or swap space
#   In 32 bit mode, the process size limit was hit
# Possible solutions:
#   Reduce memory load on the system
#   Increase physical memory or swap space
#   Check if swap backing store is full
#   Use 64 bit Java on a 64 bit OS
#   Decrease Java heap size (-Xmx/-Xms)
#   Decrease number of Java threads
#   Decrease Java thread stack sizes (-Xss)
#   Set larger code cache with -XX:ReservedCodeCacheSize=
# This output file may be truncated or incomplete.
#
#  Out of Memory Error (os_linux.cpp:2640), pid=12840, tid=0x00007ff301ffd700
#
# JRE version: Java(TM) SE Runtime Environment (8.0_131-b11) (build 1.8.0_131-b11)
# Java VM: Java HotSpot(TM) 64-Bit Server VM (25.131-b11 mixed mode linux-amd64 compressed oops)
# Failed to write core dump. Core dumps have been disabled. To enable core dumping, try "ulimit -c unlimited" before starting Java again
#

---------------  T H R E A D  ---------------

Current thread (0x00007ff318077800):  VMThread [stack: 0x00007ff301efd000,0x00007ff301ffe000] [id=12850]

Stack: [0x00007ff301efd000,0x00007ff301ffe000],  sp=0x00007ff301ffc1a0,  free space=1020k
Native frames: (J=compiled Java code, j=interpreted, Vv=VM code, C=native code)
V  [libjvm.so+0xac826a]  VMError::report_and_die()+0x2ba
V  [libjvm.so+0x4fd4cb]  report_vm_out_of_memory(char const*, int, unsigned long, VMErrorType, char const*)+0x8b
V  [libjvm.so+0x924f53]  os::Linux::commit_memory_impl(char*, unsigned long, bool)+0x103
V  [libjvm.so+0x9254a9]  os::pd_commit_memory(char*, unsigned long, unsigned long, bool)+0x29
V  [libjvm.so+0x91f6ca]  os::commit_memory(char*, unsigned long, unsigned long, bool)+0x2a
V  [libjvm.so+0x9941e3]  PSVirtualSpace::expand_by(unsigned long)+0x53
V  [libjvm.so+0x984aa0]  PSOldGen::expand(unsigned long)+0x170
V  [libjvm.so+0x984cab]  PSOldGen::resize(unsigned long)+0x1cb
V  [libjvm.so+0x98c9b1]  PSParallelCompact::invoke_no_policy(bool)+0x991
V  [libjvm.so+0x99230d]  PSScavenge::invoke()+0x1ad
V  [libjvm.so+0x948f00]  ParallelScavengeHeap::failed_mem_allocate(unsigned long)+0x70
V  [libjvm.so+0xac9c87]  VM_ParallelGCFailedAllocation::doit()+0x97
V  [libjvm.so+0xad1765]  VM_Operation::evaluate()+0x55
V  [libjvm.so+0xacfb3a]  VMThread::evaluate_operation(VM_Operation*)+0xba
V  [libjvm.so+0xacfebe]  VMThread::loop()+0x1ce
V  [libjvm.so+0xad0330]  VMThread::run()+0x70
V  [libjvm.so+0x927568]  java_start(Thread*)+0x108

VM_Operation (0x00007ff320558150): ParallelGCFailedAllocation, mode: safepoint, requested by thread 0x00007ff31800a000


---------------  P R O C E S S  ---------------

Java Threads: ( => current thread )
  0x00007ff3180ca800 JavaThread "Service Thread" daemon [_thread_blocked, id=12857, stack(0x00007ff301516000,0x00007ff301617000)]
  0x00007ff3180bd000 JavaThread "C1 CompilerThread2" daemon [_thread_blocked, id=12856, stack(0x00007ff301617000,0x00007ff301718000)]
  0x00007ff3180bb800 JavaThread "C2 CompilerThread1" daemon [_thread_blocked, id=12855, stack(0x00007ff301718000,0x00007ff301819000)]
  0x00007ff3180b8800 JavaThread "C2 CompilerThread0" daemon [_thread_blocked, id=12854, stack(0x00007ff301819000,0x00007ff30191a000)]
  0x00007ff3180b4800 JavaThread "Signal Dispatcher" daemon [_thread_blocked, id=12853, stack(0x00007ff30191a000,0x00007ff301a1b000)]
  0x00007ff318084000 JavaThread "Finalizer" daemon [_thread_blocked, id=12852, stack(0x00007ff301cfb000,0x00007ff301dfc000)]
  0x00007ff31807f000 JavaThread "Reference Handler" daemon [_thread_blocked, id=12851, stack(0x00007ff301dfc000,0x00007ff301efd000)]
  0x00007ff31800a000 JavaThread "main" [_thread_blocked, id=12845, stack(0x00007ff320459000,0x00007ff32055a000)]

Other Threads:
=>0x00007ff318077800 VMThread [stack: 0x00007ff301efd000,0x00007ff301ffe000] [id=12850]
  0x00007ff3180cd800 WatcherThread [stack: 0x00007ff301415000,0x00007ff301516000] [id=12858]

VM state:at safepoint (normal execution)

VM Mutex/Monitor currently owned by a thread:  ([mutex/lock_event])
[0x00007ff3180059d0] ExpandHeap_lock - owner thread: 0x00007ff318077800
[0x00007ff318006050] Threads_lock - owner thread: 0x00007ff318077800
[0x00007ff318006550] Heap_lock - owner thread: 0x00007ff31800a000

Heap:
 PSYoungGen      total 295936K, used 7056K [0x00000000ec000000, 0x0000000100000000, 0x0000000100000000)
  eden space 265728K, 0% used [0x00000000ec000000,0x00000000ec000000,0x00000000fc380000)
  from space 30208K, 23% used [0x00000000fc380000,0x00000000fca641d0,0x00000000fe100000)
  to   space 31744K, 0% used [0x00000000fe100000,0x00000000fe100000,0x0000000100000000)
 ParOldGen       total 141824K, used 141794K [0x00000000c4000000, 0x00000000cca80000, 0x00000000ec000000)
  object space 141824K, 99% used [0x00000000c4000000,0x00000000cca78800,0x00000000cca80000)
 Metaspace       used 11417K, capacity 11670K, committed 12032K, reserved 1060864K
  class space    used 1346K, capacity 1421K, committed 1536K, reserved 1048576K

Card table byte_map: [0x00007ff31d042000,0x00007ff31d223000] byte_map_base: 0x00007ff31ca22000

Marking Bits: (ParMarkBitMap*) 0x00007ff31f94ef60
 Begin Bits: [0x00007ff302200000, 0x00007ff303100000)
 End Bits:   [0x00007ff303100000, 0x00007ff304000000)

Polling page: 0x00007ff32059c000

CodeCache: size=245760Kb used=5756Kb max_used=5769Kb free=240003Kb
 bounds [0x00007ff309000000, 0x00007ff3095b0000, 0x00007ff318000000]
 total_blobs=1359 nmethods=1064 adapters=209
 compilation: enabled

Compilation events (10 events):
Event: 203,300 Thread 0x00007ff3180bb800 1061       4       weka.core.Instances::numInstances (8 bytes)
Event: 203,301 Thread 0x00007ff3180bb800 nmethod 1061 0x00007ff30956f410 code [0x00007ff30956f560, 0x00007ff30956f5d8]
Event: 203,314 Thread 0x00007ff3180bb800 1062       4       weka.core.Instances::instance (12 bytes)
Event: 203,317 Thread 0x00007ff3180bb800 nmethod 1062 0x00007ff30956d890 code [0x00007ff30956d9e0, 0x00007ff30956daf8]
Event: 203,332 Thread 0x00007ff3180b8800 nmethod 1060% 0x00007ff3095a4ed0 code [0x00007ff3095a5160, 0x00007ff3095a6310]
Event: 203,332 Thread 0x00007ff3180bb800 1063       4       weka.core.Instances::deleteAttributeAt (293 bytes)
Event: 203,353 Thread 0x00007ff3180bd000 1064       3       weka.core.Attribute::copy (9 bytes)
Event: 203,353 Thread 0x00007ff3180bd000 nmethod 1064 0x00007ff30959eed0 code [0x00007ff30959f040, 0x00007ff30959f248]
Event: 203,353 Thread 0x00007ff3180bd000 1065       3       weka.core.Attribute::copy (43 bytes)
Event: 203,354 Thread 0x00007ff3180bd000 nmethod 1065 0x00007ff30959e990 code [0x00007ff30959eb00, 0x00007ff30959eda8]

GC Heap History (10 events):
Event: 200,381 GC heap after
Heap after GC invocations=14 (full 2):
 PSYoungGen      total 296960K, used 4356K [0x00000000ec000000, 0x0000000100000000, 0x0000000100000000)
  eden space 265216K, 0% used [0x00000000ec000000,0x00000000ec000000,0x00000000fc300000)
  from space 31744K, 13% used [0x00000000fe100000,0x00000000fe541268,0x0000000100000000)
  to   space 30720K, 0% used [0x00000000fc300000,0x00000000fc300000,0x00000000fe100000)
 ParOldGen       total 122880K, used 83602K [0x00000000c4000000, 0x00000000cb800000, 0x00000000ec000000)
  object space 122880K, 68% used [0x00000000c4000000,0x00000000c91a4bb0,0x00000000cb800000)
 Metaspace       used 10845K, capacity 11092K, committed 11136K, reserved 1058816K
  class space    used 1276K, capacity 1376K, committed 1408K, reserved 1048576K
}
Event: 202,180 GC heap before
{Heap before GC invocations=15 (full 2):
 PSYoungGen      total 296960K, used 269572K [0x00000000ec000000, 0x0000000100000000, 0x0000000100000000)
  eden space 265216K, 100% used [0x00000000ec000000,0x00000000fc300000,0x00000000fc300000)
  from space 31744K, 13% used [0x00000000fe100000,0x00000000fe541268,0x0000000100000000)
  to   space 30720K, 0% used [0x00000000fc300000,0x00000000fc300000,0x00000000fe100000)
 ParOldGen       total 122880K, used 83602K [0x00000000c4000000, 0x00000000cb800000, 0x00000000ec000000)
  object space 122880K, 68% used [0x00000000c4000000,0x00000000c91a4bb0,0x00000000cb800000)
 Metaspace       used 11047K, capacity 11284K, committed 11392K, reserved 1058816K
  class space    used 1291K, capacity 1376K, committed 1408K, reserved 1048576K
Event: 202,217 GC heap after
Heap after GC invocations=15 (full 2):
 PSYoungGen      total 295936K, used 14978K [0x00000000ec000000, 0x00000000fff00000, 0x0000000100000000)
  eden space 265216K, 0% used [0x00000000ec000000,0x00000000ec000000,0x00000000fc300000)
  from space 30720K, 48% used [0x00000000fc300000,0x00000000fd1a0a50,0x00000000fe100000)
  to   space 30720K, 0% used [0x00000000fe100000,0x00000000fe100000,0x00000000fff00000)
 ParOldGen       total 122880K, used 85142K [0x00000000c4000000, 0x00000000cb800000, 0x00000000ec000000)
  object space 122880K, 69% used [0x00000000c4000000,0x00000000c9325978,0x00000000cb800000)
 Metaspace       used 11047K, capacity 11284K, committed 11392K, reserved 1058816K
  class space    used 1291K, capacity 1376K, committed 1408K, reserved 1048576K
}
Event: 202,534 GC heap before
{Heap before GC invocations=16 (full 2):
 PSYoungGen      total 295936K, used 280194K [0x00000000ec000000, 0x00000000fff00000, 0x0000000100000000)
  eden space 265216K, 100% used [0x00000000ec000000,0x00000000fc300000,0x00000000fc300000)
  from space 30720K, 48% used [0x00000000fc300000,0x00000000fd1a0a50,0x00000000fe100000)
  to   space 30720K, 0% used [0x00000000fe100000,0x00000000fe100000,0x00000000fff00000)
 ParOldGen       total 122880K, used 85142K [0x00000000c4000000, 0x00000000cb800000, 0x00000000ec000000)
  object space 122880K, 69% used [0x00000000c4000000,0x00000000c9325978,0x00000000cb800000)
 Metaspace       used 11050K, capacity 11284K, committed 11392K, reserved 1058816K
  class space    used 1291K, capacity 1376K, committed 1408K, reserved 1048576K
Event: 202,556 GC heap after
Heap after GC invocations=16 (full 2):
 PSYoungGen      total 296448K, used 1115K [0x00000000ec000000, 0x00000000fff00000, 0x0000000100000000)
  eden space 265728K, 0% used [0x00000000ec000000,0x00000000ec000000,0x00000000fc380000)
  from space 30720K, 3% used [0x00000000fe100000,0x00000000fe216ca8,0x00000000fff00000)
  to   space 30208K, 0% used [0x00000000fc380000,0x00000000fc380000,0x00000000fe100000)
 ParOldGen       total 122880K, used 100039K [0x00000000c4000000, 0x00000000cb800000, 0x00000000ec000000)
  object space 122880K, 81% used [0x00000000c4000000,0x00000000ca1b1f30,0x00000000cb800000)
 Metaspace       used 11050K, capacity 11284K, committed 11392K, reserved 1058816K
  class space    used 1291K, capacity 1376K, committed 1408K, reserved 1048576K
}
Event: 202,556 GC heap before
{Heap before GC invocations=17 (full 3):
 PSYoungGen      total 296448K, used 1115K [0x00000000ec000000, 0x00000000fff00000, 0x0000000100000000)
  eden space 265728K, 0% used [0x00000000ec000000,0x00000000ec000000,0x00000000fc380000)
  from space 30720K, 3% used [0x00000000fe100000,0x00000000fe216ca8,0x00000000fff00000)
  to   space 30208K, 0% used [0x00000000fc380000,0x00000000fc380000,0x00000000fe100000)
 ParOldGen       total 122880K, used 100039K [0x00000000c4000000, 0x00000000cb800000, 0x00000000ec000000)
  object space 122880K, 81% used [0x00000000c4000000,0x00000000ca1b1f30,0x00000000cb800000)
 Metaspace       used 11050K, capacity 11284K, committed 11392K, reserved 1058816K
  class space    used 1291K, capacity 1376K, committed 1408K, reserved 1048576K
Event: 202,896 GC heap after
Heap after GC invocations=17 (full 3):
 PSYoungGen      total 296448K, used 0K [0x00000000ec000000, 0x00000000fff00000, 0x0000000100000000)
  eden space 265728K, 0% used [0x00000000ec000000,0x00000000ec000000,0x00000000fc380000)
  from space 30720K, 0% used [0x00000000fe100000,0x00000000fe100000,0x00000000fff00000)
  to   space 30208K, 0% used [0x00000000fc380000,0x00000000fc380000,0x00000000fe100000)
 ParOldGen       total 141824K, used 100201K [0x00000000c4000000, 0x00000000cca80000, 0x00000000ec000000)
  object space 141824K, 70% used [0x00000000c4000000,0x00000000ca1da7f0,0x00000000cca80000)
 Metaspace       used 11050K, capacity 11284K, committed 11392K, reserved 1058816K
  class space    used 1291K, capacity 1376K, committed 1408K, reserved 1048576K
}
Event: 203,356 GC heap before
{Heap before GC invocations=18 (full 3):
 PSYoungGen      total 296448K, used 265728K [0x00000000ec000000, 0x00000000fff00000, 0x0000000100000000)
  eden space 265728K, 100% used [0x00000000ec000000,0x00000000fc380000,0x00000000fc380000)
  from space 30720K, 0% used [0x00000000fe100000,0x00000000fe100000,0x00000000fff00000)
  to   space 30208K, 0% used [0x00000000fc380000,0x00000000fc380000,0x00000000fe100000)
 ParOldGen       total 141824K, used 100201K [0x00000000c4000000, 0x00000000cca80000, 0x00000000ec000000)
  object space 141824K, 70% used [0x00000000c4000000,0x00000000ca1da7f0,0x00000000cca80000)
 Metaspace       used 11417K, capacity 11670K, committed 12032K, reserved 1060864K
  class space    used 1346K, capacity 1421K, committed 1536K, reserved 1048576K
Event: 203,386 GC heap after
Heap after GC invocations=18 (full 3):
 PSYoungGen      total 295936K, used 30201K [0x00000000ec000000, 0x0000000100000000, 0x0000000100000000)
  eden space 265728K, 0% used [0x00000000ec000000,0x00000000ec000000,0x00000000fc380000)
  from space 30208K, 99% used [0x00000000fc380000,0x00000000fe0fe638,0x00000000fe100000)
  to   space 31744K, 0% used [0x00000000fe100000,0x00000000fe100000,0x0000000100000000)
 ParOldGen       total 141824K, used 123928K [0x00000000c4000000, 0x00000000cca80000, 0x00000000ec000000)
  object space 141824K, 87% used [0x00000000c4000000,0x00000000cb906318,0x00000000cca80000)
 Metaspace       used 11417K, capacity 11670K, committed 12032K, reserved 1060864K
  class space    used 1346K, capacity 1421K, committed 1536K, reserved 1048576K
}
Event: 203,386 GC heap before
{Heap before GC invocations=19 (full 4):
 PSYoungGen      total 295936K, used 30201K [0x00000000ec000000, 0x0000000100000000, 0x0000000100000000)
  eden space 265728K, 0% used [0x00000000ec000000,0x00000000ec000000,0x00000000fc380000)
  from space 30208K, 99% used [0x00000000fc380000,0x00000000fe0fe638,0x00000000fe100000)
  to   space 31744K, 0% used [0x00000000fe100000,0x00000000fe100000,0x0000000100000000)
 ParOldGen       total 141824K, used 123928K [0x00000000c4000000, 0x00000000cca80000, 0x00000000ec000000)
  object space 141824K, 87% used [0x00000000c4000000,0x00000000cb906318,0x00000000cca80000)
 Metaspace       used 11417K, capacity 11670K, committed 12032K, reserved 1060864K
  class space    used 1346K, capacity 1421K, committed 1536K, reserved 1048576K

Deoptimization events (10 events):
Event: 201,946 Thread 0x00007ff31800a000 Uncommon trap: reason=array_check action=maybe_recompile pc=0x00007ff3094ee53c method=java.util.AbstractCollection.toArray([Ljava/lang/Object;)[Ljava/lang/Object; @ 119
Event: 201,946 Thread 0x00007ff31800a000 Uncommon trap: reason=array_check action=maybe_recompile pc=0x00007ff3094ee53c method=java.util.AbstractCollection.toArray([Ljava/lang/Object;)[Ljava/lang/Object; @ 119
Event: 201,946 Thread 0x00007ff31800a000 Uncommon trap: reason=array_check action=maybe_recompile pc=0x00007ff3094ee53c method=java.util.AbstractCollection.toArray([Ljava/lang/Object;)[Ljava/lang/Object; @ 119
Event: 201,946 Thread 0x00007ff31800a000 Uncommon trap: reason=array_check action=maybe_recompile pc=0x00007ff3094ee53c method=java.util.AbstractCollection.toArray([Ljava/lang/Object;)[Ljava/lang/Object; @ 119
Event: 202,001 Thread 0x00007ff31800a000 Uncommon trap: reason=unstable_if action=reinterpret pc=0x00007ff30950007c method=java.lang.String.split(Ljava/lang/String;I)[Ljava/lang/String; @ 281
Event: 202,335 Thread 0x00007ff31800a000 Uncommon trap: reason=unstable_if action=reinterpret pc=0x00007ff3094f7894 method=sun.misc.FloatingDecimal.readJavaFormatString(Ljava/lang/String;)Lsun/misc/FloatingDecimal$ASCIIToBinaryConverter; @ 286
Event: 202,400 Thread 0x00007ff31800a000 Uncommon trap: reason=unstable_if action=reinterpret pc=0x00007ff30952f88c method=sun.misc.FloatingDecimal.readJavaFormatString(Ljava/lang/String;)Lsun/misc/FloatingDecimal$ASCIIToBinaryConverter; @ 396
Event: 203,095 Thread 0x00007ff31800a000 Uncommon trap: reason=class_check action=maybe_recompile pc=0x00007ff3094fba48 method=java.util.AbstractCollection.toArray([Ljava/lang/Object;)[Ljava/lang/Object; @ 1
Event: 203,098 Thread 0x00007ff31800a000 Uncommon trap: reason=class_check action=maybe_recompile pc=0x00007ff3094fba48 method=java.util.AbstractCollection.toArray([Ljava/lang/Object;)[Ljava/lang/Object; @ 1
Event: 203,133 Thread 0x00007ff31800a000 Uncommon trap: reason=class_check action=maybe_recompile pc=0x00007ff3094fba48 method=java.util.AbstractCollection.toArray([Ljava/lang/Object;)[Ljava/lang/Object; @ 1

Internal exceptions (10 events):
Event: 200,153 Thread 0x00007ff31800a000 Exception <a 'java/lang/NoClassDefFoundError': no/uib/cipr/matrix/AbstractTriangDenseMatrix> (0x00000000f75ae100) thrown at [/HUDSON/workspace/8-2-build-linux-amd64/jdk8u131/8869/hotspot/src/share/vm/classfile/systemDictionary.cpp, line 199]
Event: 200,153 Thread 0x00007ff31800a000 Exception <a 'java/lang/NoClassDefFoundError': no/uib/cipr/matrix/LowerTriangBandMatrix> (0x00000000f75aebb8) thrown at [/HUDSON/workspace/8-2-build-linux-amd64/jdk8u131/8869/hotspot/src/share/vm/classfile/systemDictionary.cpp, line 199]
Event: 200,154 Thread 0x00007ff31800a000 Exception <a 'java/lang/NoClassDefFoundError': no/uib/cipr/matrix/UpperSymmPackMatrix> (0x00000000f75af568) thrown at [/HUDSON/workspace/8-2-build-linux-amd64/jdk8u131/8869/hotspot/src/share/vm/classfile/systemDictionary.cpp, line 199]
Event: 200,154 Thread 0x00007ff31800a000 Exception <a 'java/lang/NoClassDefFoundError': no/uib/cipr/matrix/AbstractTriangDenseMatrix> (0x00000000f75b0450) thrown at [/HUDSON/workspace/8-2-build-linux-amd64/jdk8u131/8869/hotspot/src/share/vm/classfile/systemDictionary.cpp, line 199]
Event: 200,154 Thread 0x00007ff31800a000 Exception <a 'java/lang/NoClassDefFoundError': no/uib/cipr/matrix/AbstractSymmDenseMatrix> (0x00000000f75b0e30) thrown at [/HUDSON/workspace/8-2-build-linux-amd64/jdk8u131/8869/hotspot/src/share/vm/classfile/systemDictionary.cpp, line 199]
Event: 200,156 Thread 0x00007ff31800a000 Exception <a 'java/lang/NoClassDefFoundError': no/uib/cipr/matrix/sparse/DefaultIterationMonitor> (0x00000000f75b2a50) thrown at [/HUDSON/workspace/8-2-build-linux-amd64/jdk8u131/8869/hotspot/src/share/vm/classfile/systemDictionary.cpp, line 199]
Event: 200,158 Thread 0x00007ff31800a000 Exception <a 'java/lang/NoClassDefFoundError': no/uib/cipr/matrix/LowerTriangDenseMatrix> (0x00000000f75b40d8) thrown at [/HUDSON/workspace/8-2-build-linux-amd64/jdk8u131/8869/hotspot/src/share/vm/classfile/systemDictionary.cpp, line 199]
Event: 200,158 Thread 0x00007ff31800a000 Exception <a 'java/lang/NoClassDefFoundError': no/uib/cipr/matrix/UpperSymmDenseMatrix> (0x00000000f75b4c30) thrown at [/HUDSON/workspace/8-2-build-linux-amd64/jdk8u131/8869/hotspot/src/share/vm/classfile/systemDictionary.cpp, line 199]
Event: 200,158 Thread 0x00007ff31800a000 Exception <a 'java/lang/NoClassDefFoundError': no/uib/cipr/matrix/UpperTriangDenseMatrix> (0x00000000f75b5840) thrown at [/HUDSON/workspace/8-2-build-linux-amd64/jdk8u131/8869/hotspot/src/share/vm/classfile/systemDictionary.cpp, line 199]
Event: 203,097 Thread 0x00007ff31800a000 Exception <a 'java/lang/NoSuchMethodError': java.lang.Object.lambda$comparing$77a9974f$1(Ljava/util/function/Function;Ljava/lang/Object;Ljava/lang/Object;)I> (0x00000000edb54d48) thrown at [/HUDSON/workspace/8-2-build-linux-amd64/jdk8u131/8869/hotspot/src

Events (10 events):
Event: 203,175 loading class java/util/stream/ReferencePipeline$4$1 done
Event: 203,175 loading class java/util/stream/SortedOps$SizedRefSortingSink
Event: 203,175 loading class java/util/stream/SortedOps$AbstractRefSortingSink
Event: 203,175 loading class java/util/stream/SortedOps$AbstractRefSortingSink done
Event: 203,175 loading class java/util/stream/SortedOps$SizedRefSortingSink done
Event: 203,175 loading class java/util/stream/IntPipeline$4$1
Event: 203,175 loading class java/util/stream/IntPipeline$4$1 done
Event: 203,175 loading class java/util/TimSort
Event: 203,220 loading class java/util/TimSort done
Event: 203,356 Executing VM operation: ParallelGCFailedAllocation


Dynamic libraries:
00400000-00401000 r-xp 00000000 08:06 8528378                            /usr/lib/jvm/java-8-oracle/bin/java
00600000-00601000 rw-p 00000000 08:06 8528378                            /usr/lib/jvm/java-8-oracle/bin/java
01a97000-01ab8000 rw-p 00000000 00:00 0                                  [heap]
c4000000-cca80000 rw-p 00000000 00:00 0 
cfe80000-ec000000 ---p 00000000 00:00 0 
ec000000-100000000 rw-p 00000000 00:00 0 
100000000-100180000 rw-p 00000000 00:00 0 
100180000-140000000 ---p 00000000 00:00 0 
7ff2cc000000-7ff2cc021000 rw-p 00000000 00:00 0 
7ff2cc021000-7ff2d0000000 ---p 00000000 00:00 0 
7ff2d0000000-7ff2d0021000 rw-p 00000000 00:00 0 
7ff2d0021000-7ff2d4000000 ---p 00000000 00:00 0 
7ff2d4000000-7ff2d4277000 rw-p 00000000 00:00 0 
7ff2d4277000-7ff2d8000000 ---p 00000000 00:00 0 
7ff2d8000000-7ff2d8682000 rw-p 00000000 00:00 0 
7ff2d8682000-7ff2dc000000 ---p 00000000 00:00 0 
7ff2dc000000-7ff2dc021000 rw-p 00000000 00:00 0 
7ff2dc021000-7ff2e0000000 ---p 00000000 00:00 0 
7ff2e0000000-7ff2e0436000 rw-p 00000000 00:00 0 
7ff2e0436000-7ff2e4000000 ---p 00000000 00:00 0 
7ff2e4000000-7ff2e4021000 rw-p 00000000 00:00 0 
7ff2e4021000-7ff2e8000000 ---p 00000000 00:00 0 
7ff2e8000000-7ff2e8021000 rw-p 00000000 00:00 0 
7ff2e8021000-7ff2ec000000 ---p 00000000 00:00 0 
7ff2ec000000-7ff2ec021000 rw-p 00000000 00:00 0 
7ff2ec021000-7ff2f0000000 ---p 00000000 00:00 0 
7ff2f0000000-7ff2f0292000 rw-p 00000000 00:00 0 
7ff2f0292000-7ff2f4000000 ---p 00000000 00:00 0 
7ff2f4000000-7ff2f4021000 rw-p 00000000 00:00 0 
7ff2f4021000-7ff2f8000000 ---p 00000000 00:00 0 
7ff2fc000000-7ff2fc021000 rw-p 00000000 00:00 0 
7ff2fc021000-7ff300000000 ---p 00000000 00:00 0 
7ff301015000-7ff301055000 rw-p 00000000 00:00 0 
7ff301055000-7ff301215000 ---p 00000000 00:00 0 
7ff301215000-7ff301415000 rw-p 00000000 00:00 0 
7ff301415000-7ff301416000 ---p 00000000 00:00 0 
7ff301416000-7ff301516000 rw-p 00000000 00:00 0 
7ff301516000-7ff301519000 ---p 00000000 00:00 0 
7ff301519000-7ff301617000 rw-p 00000000 00:00 0 
7ff301617000-7ff30161a000 ---p 00000000 00:00 0 
7ff30161a000-7ff301718000 rw-p 00000000 00:00 0 
7ff301718000-7ff30171b000 ---p 00000000 00:00 0 
7ff30171b000-7ff301819000 rw-p 00000000 00:00 0 
7ff301819000-7ff30181c000 ---p 00000000 00:00 0 
7ff30181c000-7ff30191a000 rw-p 00000000 00:00 0 
7ff30191a000-7ff30191d000 ---p 00000000 00:00 0 
7ff30191d000-7ff301a1b000 rw-p 00000000 00:00 0 
7ff301a1b000-7ff301cfb000 r--p 00000000 08:06 8390680                    /usr/lib/locale/locale-archive
7ff301cfb000-7ff301cfe000 ---p 00000000 00:00 0 
7ff301cfe000-7ff301dfc000 rw-p 00000000 00:00 0 
7ff301dfc000-7ff301dff000 ---p 00000000 00:00 0 
7ff301dff000-7ff301efd000 rw-p 00000000 00:00 0 
7ff301efd000-7ff301efe000 ---p 00000000 00:00 0 
7ff301efe000-7ff304000000 rw-p 00000000 00:00 0 
7ff304000000-7ff304021000 rw-p 00000000 00:00 0 
7ff304021000-7ff308000000 ---p 00000000 00:00 0 
7ff30806c000-7ff308092000 r--p 00000000 08:06 10224306                   /usr/share/locale-langpack/fr/LC_MESSAGES/libc.mo
7ff308092000-7ff3080f9000 r--s 00a1d000 08:05 5518481                    /home/helen/NetBeansProjects/ISVM-RCE/lib/weka.jar
7ff3080f9000-7ff308e27000 rw-p 00000000 00:00 0 
7ff308e27000-7ff309000000 r--s 03d40000 08:06 9443774                    /usr/lib/jvm/java-8-oracle/jre/lib/rt.jar
7ff309000000-7ff3095b0000 rwxp 00000000 00:00 0 
7ff3095b0000-7ff318000000 ---p 00000000 00:00 0 
7ff318000000-7ff3183dd000 rw-p 00000000 00:00 0 
7ff3183dd000-7ff31c000000 ---p 00000000 00:00 0 
7ff31c017000-7ff31c91e000 rw-p 00000000 00:00 0 
7ff31c91e000-7ff31cafe000 rw-p 00000000 00:00 0 
7ff31cafe000-7ff31caff000 ---p 00000000 00:00 0 
7ff31caff000-7ff31cbff000 rw-p 00000000 00:00 0 
7ff31cbff000-7ff31cc00000 ---p 00000000 00:00 0 
7ff31cc00000-7ff31cd00000 rw-p 00000000 00:00 0 
7ff31cd00000-7ff31cd01000 ---p 00000000 00:00 0 
7ff31cd01000-7ff31ce01000 rw-p 00000000 00:00 0 
7ff31ce01000-7ff31ce02000 ---p 00000000 00:00 0 
7ff31ce02000-7ff31cf48000 rw-p 00000000 00:00 0 
7ff31cf48000-7ff31d042000 ---p 00000000 00:00 0 
7ff31d042000-7ff31d088000 rw-p 00000000 00:00 0 
7ff31d088000-7ff31d182000 ---p 00000000 00:00 0 
7ff31d182000-7ff31d222000 rw-p 00000000 00:00 0 
7ff31d222000-7ff31d23a000 rw-p 00000000 00:00 0 
7ff31d23a000-7ff31d5e3000 ---p 00000000 00:00 0 
7ff31d5e3000-7ff31d5fd000 r-xp 00000000 08:06 787298                     /usr/lib/jvm/java-8-oracle/jre/lib/amd64/libzip.so
7ff31d5fd000-7ff31d7fd000 ---p 0001a000 08:06 787298                     /usr/lib/jvm/java-8-oracle/jre/lib/amd64/libzip.so
7ff31d7fd000-7ff31d7fe000 rw-p 0001a000 08:06 787298                     /usr/lib/jvm/java-8-oracle/jre/lib/amd64/libzip.so
7ff31d7fe000-7ff31d809000 r-xp 00000000 08:06 524481                     /lib/x86_64-linux-gnu/libnss_files-2.24.so
7ff31d809000-7ff31da08000 ---p 0000b000 08:06 524481                     /lib/x86_64-linux-gnu/libnss_files-2.24.so
7ff31da08000-7ff31da09000 r--p 0000a000 08:06 524481                     /lib/x86_64-linux-gnu/libnss_files-2.24.so
7ff31da09000-7ff31da0a000 rw-p 0000b000 08:06 524481                     /lib/x86_64-linux-gnu/libnss_files-2.24.so
7ff31da0a000-7ff31da10000 rw-p 00000000 00:00 0 
7ff31da10000-7ff31da1b000 r-xp 00000000 08:06 524483                     /lib/x86_64-linux-gnu/libnss_nis-2.24.so
7ff31da1b000-7ff31dc1a000 ---p 0000b000 08:06 524483                     /lib/x86_64-linux-gnu/libnss_nis-2.24.so
7ff31dc1a000-7ff31dc1b000 r--p 0000a000 08:06 524483                     /lib/x86_64-linux-gnu/libnss_nis-2.24.so
7ff31dc1b000-7ff31dc1c000 rw-p 0000b000 08:06 524483                     /lib/x86_64-linux-gnu/libnss_nis-2.24.so
7ff31dc1c000-7ff31dc32000 r-xp 00000000 08:06 524478                     /lib/x86_64-linux-gnu/libnsl-2.24.so
7ff31dc32000-7ff31de31000 ---p 00016000 08:06 524478                     /lib/x86_64-linux-gnu/libnsl-2.24.so
7ff31de31000-7ff31de32000 r--p 00015000 08:06 524478                     /lib/x86_64-linux-gnu/libnsl-2.24.so
7ff31de32000-7ff31de33000 rw-p 00016000 08:06 524478                     /lib/x86_64-linux-gnu/libnsl-2.24.so
7ff31de33000-7ff31de35000 rw-p 00000000 00:00 0 
7ff31de35000-7ff31de3d000 r-xp 00000000 08:06 524479                     /lib/x86_64-linux-gnu/libnss_compat-2.24.so
7ff31de3d000-7ff31e03c000 ---p 00008000 08:06 524479                     /lib/x86_64-linux-gnu/libnss_compat-2.24.so
7ff31e03c000-7ff31e03d000 r--p 00007000 08:06 524479                     /lib/x86_64-linux-gnu/libnss_compat-2.24.so
7ff31e03d000-7ff31e03e000 rw-p 00008000 08:06 524479                     /lib/x86_64-linux-gnu/libnss_compat-2.24.so
7ff31e03e000-7ff31e069000 r-xp 00000000 08:06 787292                     /usr/lib/jvm/java-8-oracle/jre/lib/amd64/libjava.so
7ff31e069000-7ff31e268000 ---p 0002b000 08:06 787292                     /usr/lib/jvm/java-8-oracle/jre/lib/amd64/libjava.so
7ff31e268000-7ff31e26a000 rw-p 0002a000 08:06 787292                     /usr/lib/jvm/java-8-oracle/jre/lib/amd64/libjava.so
7ff31e26a000-7ff31e277000 r-xp 00000000 08:06 787297                     /usr/lib/jvm/java-8-oracle/jre/lib/amd64/libverify.so
7ff31e277000-7ff31e476000 ---p 0000d000 08:06 787297                     /usr/lib/jvm/java-8-oracle/jre/lib/amd64/libverify.so
7ff31e476000-7ff31e478000 rw-p 0000c000 08:06 787297                     /usr/lib/jvm/java-8-oracle/jre/lib/amd64/libverify.so
7ff31e478000-7ff31e47f000 r-xp 00000000 08:06 524488                     /lib/x86_64-linux-gnu/librt-2.24.so
7ff31e47f000-7ff31e67e000 ---p 00007000 08:06 524488                     /lib/x86_64-linux-gnu/librt-2.24.so
7ff31e67e000-7ff31e67f000 r--p 00006000 08:06 524488                     /lib/x86_64-linux-gnu/librt-2.24.so
7ff31e67f000-7ff31e680000 rw-p 00007000 08:06 524488                     /lib/x86_64-linux-gnu/librt-2.24.so
7ff31e680000-7ff31e788000 r-xp 00000000 08:06 524475                     /lib/x86_64-linux-gnu/libm-2.24.so
7ff31e788000-7ff31e987000 ---p 00108000 08:06 524475                     /lib/x86_64-linux-gnu/libm-2.24.so
7ff31e987000-7ff31e988000 r--p 00107000 08:06 524475                     /lib/x86_64-linux-gnu/libm-2.24.so
7ff31e988000-7ff31e989000 rw-p 00108000 08:06 524475                     /lib/x86_64-linux-gnu/libm-2.24.so
7ff31e989000-7ff31f658000 r-xp 00000000 08:06 787275                     /usr/lib/jvm/java-8-oracle/jre/lib/amd64/server/libjvm.so
7ff31f658000-7ff31f858000 ---p 00ccf000 08:06 787275                     /usr/lib/jvm/java-8-oracle/jre/lib/amd64/server/libjvm.so
7ff31f858000-7ff31f931000 rw-p 00ccf000 08:06 787275                     /usr/lib/jvm/java-8-oracle/jre/lib/amd64/server/libjvm.so
7ff31f931000-7ff31f97c000 rw-p 00000000 00:00 0 
7ff31f97c000-7ff31fb3a000 r-xp 00000000 08:06 524471                     /lib/x86_64-linux-gnu/libc-2.24.so
7ff31fb3a000-7ff31fd39000 ---p 001be000 08:06 524471                     /lib/x86_64-linux-gnu/libc-2.24.so
7ff31fd39000-7ff31fd3d000 r--p 001bd000 08:06 524471                     /lib/x86_64-linux-gnu/libc-2.24.so
7ff31fd3d000-7ff31fd3f000 rw-p 001c1000 08:06 524471                     /lib/x86_64-linux-gnu/libc-2.24.so
7ff31fd3f000-7ff31fd43000 rw-p 00000000 00:00 0 
7ff31fd43000-7ff31fd46000 r-xp 00000000 08:06 524474                     /lib/x86_64-linux-gnu/libdl-2.24.so
7ff31fd46000-7ff31ff45000 ---p 00003000 08:06 524474                     /lib/x86_64-linux-gnu/libdl-2.24.so
7ff31ff45000-7ff31ff46000 r--p 00002000 08:06 524474                     /lib/x86_64-linux-gnu/libdl-2.24.so
7ff31ff46000-7ff31ff47000 rw-p 00003000 08:06 524474                     /lib/x86_64-linux-gnu/libdl-2.24.so
7ff31ff47000-7ff31ff5c000 r-xp 00000000 08:06 9056289                    /usr/lib/jvm/java-8-oracle/lib/amd64/jli/libjli.so
7ff31ff5c000-7ff32015c000 ---p 00015000 08:06 9056289                    /usr/lib/jvm/java-8-oracle/lib/amd64/jli/libjli.so
7ff32015c000-7ff32015d000 rw-p 00015000 08:06 9056289                    /usr/lib/jvm/java-8-oracle/lib/amd64/jli/libjli.so
7ff32015d000-7ff320175000 r-xp 00000000 08:06 524486                     /lib/x86_64-linux-gnu/libpthread-2.24.so
7ff320175000-7ff320375000 ---p 00018000 08:06 524486                     /lib/x86_64-linux-gnu/libpthread-2.24.so
7ff320375000-7ff320376000 r--p 00018000 08:06 524486                     /lib/x86_64-linux-gnu/libpthread-2.24.so
7ff320376000-7ff320377000 rw-p 00019000 08:06 524486                     /lib/x86_64-linux-gnu/libpthread-2.24.so
7ff320377000-7ff32037b000 rw-p 00000000 00:00 0 
7ff32037b000-7ff3203a1000 r-xp 00000000 08:06 524459                     /lib/x86_64-linux-gnu/ld-2.24.so
7ff3203ae000-7ff3203b5000 r--s 00000000 08:06 8657498                    /usr/lib/x86_64-linux-gnu/gconv/gconv-modules.cache
7ff3203b5000-7ff320459000 rw-p 00000000 00:00 0 
7ff320459000-7ff32045c000 ---p 00000000 00:00 0 
7ff32045c000-7ff32055c000 rw-p 00000000 00:00 0 
7ff32055c000-7ff32055d000 r--s 0000c000 08:05 5518482                    /home/helen/NetBeansProjects/ISVM-RCE/lib/libsvm.jar
7ff32055d000-7ff32055f000 r--s 00002000 08:05 5518477                    /home/helen/NetBeansProjects/ISVM-RCE/lib/LibSVM.jar
7ff32055f000-7ff320593000 rw-p 00000000 00:00 0 
7ff320593000-7ff32059b000 rw-s 00000000 08:06 796674                     /tmp/hsperfdata_helen/12840
7ff32059b000-7ff32059c000 rw-p 00000000 00:00 0 
7ff32059c000-7ff32059d000 ---p 00000000 00:00 0 
7ff32059d000-7ff3205a0000 rw-p 00000000 00:00 0 
7ff3205a0000-7ff3205a1000 r--p 00025000 08:06 524459                     /lib/x86_64-linux-gnu/ld-2.24.so
7ff3205a1000-7ff3205a2000 rw-p 00026000 08:06 524459                     /lib/x86_64-linux-gnu/ld-2.24.so
7ff3205a2000-7ff3205a3000 rw-p 00000000 00:00 0 
7ffee30fd000-7ffee311e000 rw-p 00000000 00:00 0                          [stack]
7ffee31c3000-7ffee31c5000 r--p 00000000 00:00 0                          [vvar]
7ffee31c5000-7ffee31c7000 r-xp 00000000 00:00 0                          [vdso]
ffffffffff600000-ffffffffff601000 r-xp 00000000 00:00 0                  [vsyscall]

VM Arguments:
jvm_args: -Dfile.encoding=UTF-8 
java_command: isvm.rce.ISVMRCE
java_class_path (initial): /home/helen/NetBeansProjects/ISVM-RCE/lib/LibSVM.jar:/home/helen/NetBeansProjects/ISVM-RCE/lib/libsvm.jar:/home/helen/NetBeansProjects/ISVM-RCE/lib/weka.jar:/home/helen/NetBeansProjects/ISVM-RCE/build/classes
Launcher Type: SUN_STANDARD

Environment Variables:
JAVA_HOME=/usr/lib/jvm/java-8-oracle
PATH=/usr/local/sbin:/usr/local/bin:/usr/sbin:/usr/bin:/sbin:/bin:/usr/games:/usr/local/games:/snap/bin:/usr/lib/jvm/java-8-oracle/bin:/usr/lib/jvm/java-8-oracle/db/bin:/usr/lib/jvm/java-8-oracle/jre/bin
LD_LIBRARY_PATH=/usr/lib/jvm/java-8-oracle/jre/lib/amd64:/usr/lib/jvm/java-8-oracle/jre/lib/i386:
SHELL=/bin/bash
DISPLAY=:0

Signal Handlers:
SIGSEGV: [libjvm.so+0xac8af0], sa_mask[0]=11111111011111111101111111111110, sa_flags=SA_RESTART|SA_SIGINFO
SIGBUS: [libjvm.so+0xac8af0], sa_mask[0]=11111111011111111101111111111110, sa_flags=SA_RESTART|SA_SIGINFO
SIGFPE: [libjvm.so+0x921dd0], sa_mask[0]=11111111011111111101111111111110, sa_flags=SA_RESTART|SA_SIGINFO
SIGPIPE: [libjvm.so+0x921dd0], sa_mask[0]=11111111011111111101111111111110, sa_flags=SA_RESTART|SA_SIGINFO
SIGXFSZ: [libjvm.so+0x921dd0], sa_mask[0]=11111111011111111101111111111110, sa_flags=SA_RESTART|SA_SIGINFO
SIGILL: [libjvm.so+0x921dd0], sa_mask[0]=11111111011111111101111111111110, sa_flags=SA_RESTART|SA_SIGINFO
SIGUSR1: SIG_DFL, sa_mask[0]=00000000000000000000000000000000, sa_flags=none
SIGUSR2: [libjvm.so+0x923610], sa_mask[0]=00100000000000000000000000000000, sa_flags=SA_RESTART|SA_SIGINFO
SIGHUP: [libjvm.so+0x924a10], sa_mask[0]=11111111011111111101111111111110, sa_flags=SA_RESTART|SA_SIGINFO
SIGINT: SIG_IGN, sa_mask[0]=00000000000000000000000000000000, sa_flags=none
SIGTERM: [libjvm.so+0x924a10], sa_mask[0]=11111111011111111101111111111110, sa_flags=SA_RESTART|SA_SIGINFO
SIGQUIT: [libjvm.so+0x924a10], sa_mask[0]=11111111011111111101111111111110, sa_flags=SA_RESTART|SA_SIGINFO


---------------  S Y S T E M  ---------------

OS:DISTRIB_ID=Ubuntu
DISTRIB_RELEASE=17.04
DISTRIB_CODENAME=zesty
DISTRIB_DESCRIPTION="Ubuntu 17.04"

uname:Linux 4.10.0-35-generic #39-Ubuntu SMP Wed Sep 13 07:46:59 UTC 2017 x86_64
libc:glibc 2.24 NPTL 2.24 
rlimit: STACK 8192k, CORE 0k, NPROC 15169, NOFILE 4096, AS infinity
load average:14,62 6,06 5,17

/proc/meminfo:
MemTotal:        3928968 kB
MemFree:           88440 kB
MemAvailable:       6000 kB
Buffers:            1916 kB
Cached:           564148 kB
SwapCached:         8228 kB
Active:          2995212 kB
Inactive:         615000 kB
Active(anon):    2976100 kB
Inactive(anon):   596212 kB
Active(file):      19112 kB
Inactive(file):    18788 kB
Unevictable:         220 kB
Mlocked:             220 kB
SwapTotal:       2097148 kB
SwapFree:              4 kB
Dirty:                44 kB
Writeback:           152 kB
AnonPages:       3036044 kB
Mapped:           160108 kB
Shmem:            528012 kB
Slab:              94768 kB
SReclaimable:      39784 kB
SUnreclaim:        54984 kB
KernelStack:       14288 kB
PageTables:        65692 kB
NFS_Unstable:          0 kB
Bounce:                0 kB
WritebackTmp:          0 kB
CommitLimit:     4061632 kB
Committed_AS:   12326664 kB
VmallocTotal:   34359738367 kB
VmallocUsed:           0 kB
VmallocChunk:          0 kB
HardwareCorrupted:     0 kB
AnonHugePages:   1429504 kB
ShmemHugePages:        0 kB
ShmemPmdMapped:        0 kB
CmaTotal:              0 kB
CmaFree:               0 kB
HugePages_Total:       0
HugePages_Free:        0
HugePages_Rsvd:        0
HugePages_Surp:        0
Hugepagesize:       2048 kB
DirectMap4k:      206588 kB
DirectMap2M:     3872768 kB


CPU:total 4 (initial active 4) (2 cores per cpu, 2 threads per core) family 6 model 58 stepping 9, cmov, cx8, fxsr, mmx, sse, sse2, sse3, ssse3, sse4.1, sse4.2, popcnt, avx, clmul, erms, ht, tsc, tscinvbit, tscinv

/proc/cpuinfo:
processor	: 0
vendor_id	: GenuineIntel
cpu family	: 6
model		: 58
model name	: Intel(R) Core(TM) i3-3227U CPU @ 1.90GHz
stepping	: 9
microcode	: 0x17
cpu MHz		: 1899.884
cache size	: 3072 KB
physical id	: 0
siblings	: 4
core id		: 0
cpu cores	: 2
apicid		: 0
initial apicid	: 0
fpu		: yes
fpu_exception	: yes
cpuid level	: 13
wp		: yes
flags		: fpu vme de pse tsc msr pae mce cx8 apic sep mtrr pge mca cmov pat pse36 clflush dts acpi mmx fxsr sse sse2 ss ht tm pbe syscall nx rdtscp lm constant_tsc arch_perfmon pebs bts rep_good nopl xtopology nonstop_tsc aperfmperf pni pclmulqdq dtes64 monitor ds_cpl vmx est tm2 ssse3 cx16 xtpr pdcm pcid sse4_1 sse4_2 x2apic popcnt tsc_deadline_timer xsave avx f16c lahf_lm epb tpr_shadow vnmi flexpriority ept vpid fsgsbase smep erms xsaveopt dtherm ida arat pln pts
bugs		:
bogomips	: 3791.05
clflush size	: 64
cache_alignment	: 64
address sizes	: 36 bits physical, 48 bits virtual
power management:

processor	: 1
vendor_id	: GenuineIntel
cpu family	: 6
model		: 58
model name	: Intel(R) Core(TM) i3-3227U CPU @ 1.90GHz
stepping	: 9
microcode	: 0x17
cpu MHz		: 1900.000
cache size	: 3072 KB
physical id	: 0
siblings	: 4
core id		: 0
cpu cores	: 2
apicid		: 1
initial apicid	: 1
fpu		: yes
fpu_exception	: yes
cpuid level	: 13
wp		: yes
flags		: fpu vme de pse tsc msr pae mce cx8 apic sep mtrr pge mca cmov pat pse36 clflush dts acpi mmx fxsr sse sse2 ss ht tm pbe syscall nx rdtscp lm constant_tsc arch_perfmon pebs bts rep_good nopl xtopology nonstop_tsc aperfmperf pni pclmulqdq dtes64 monitor ds_cpl vmx est tm2 ssse3 cx16 xtpr pdcm pcid sse4_1 sse4_2 x2apic popcnt tsc_deadline_timer xsave avx f16c lahf_lm epb tpr_shadow vnmi flexpriority ept vpid fsgsbase smep erms xsaveopt dtherm ida arat pln pts
bugs		:
bogomips	: 3791.05
clflush size	: 64
cache_alignment	: 64
address sizes	: 36 bits physical, 48 bits virtual
power management:

processor	: 2
vendor_id	: GenuineIntel
cpu family	: 6
model		: 58
model name	: Intel(R) Core(TM) i3-3227U CPU @ 1.90GHz
stepping	: 9
microcode	: 0x17
cpu MHz		: 1900.000
cache size	: 3072 KB
physical id	: 0
siblings	: 4
core id		: 1
cpu cores	: 2
apicid		: 2
initial apicid	: 2
fpu		: yes
fpu_exception	: yes
cpuid level	: 13
wp		: yes
flags		: fpu vme de pse tsc msr pae mce cx8 apic sep mtrr pge mca cmov pat pse36 clflush dts acpi mmx fxsr sse sse2 ss ht tm pbe syscall nx rdtscp lm constant_tsc arch_perfmon pebs bts rep_good nopl xtopology nonstop_tsc aperfmperf pni pclmulqdq dtes64 monitor ds_cpl vmx est tm2 ssse3 cx16 xtpr pdcm pcid sse4_1 sse4_2 x2apic popcnt tsc_deadline_timer xsave avx f16c lahf_lm epb tpr_shadow vnmi flexpriority ept vpid fsgsbase smep erms xsaveopt dtherm ida arat pln pts
bugs		:
bogomips	: 3791.05
clflush size	: 64
cache_alignment	: 64
address sizes	: 36 bits physical, 48 bits virtual
power management:

processor	: 3
vendor_id	: GenuineIntel
cpu family	: 6
model		: 58
model name	: Intel(R) Core(TM) i3-3227U CPU @ 1.90GHz
stepping	: 9
microcode	: 0x17
cpu MHz		: 1899.884
cache size	: 3072 KB
physical id	: 0
siblings	: 4
core id		: 1
cpu cores	: 2
apicid		: 3
initial apicid	: 3
fpu		: yes
fpu_exception	: yes
cpuid level	: 13
wp		: yes
flags		: fpu vme de pse tsc msr pae mce cx8 apic sep mtrr pge mca cmov pat pse36 clflush dts acpi mmx fxsr sse sse2 ss ht tm pbe syscall nx rdtscp lm constant_tsc arch_perfmon pebs bts rep_good nopl xtopology nonstop_tsc aperfmperf pni pclmulqdq dtes64 monitor ds_cpl vmx est tm2 ssse3 cx16 xtpr pdcm pcid sse4_1 sse4_2 x2apic popcnt tsc_deadline_timer xsave avx f16c lahf_lm epb tpr_shadow vnmi flexpriority ept vpid fsgsbase smep erms xsaveopt dtherm ida arat pln pts
bugs		:
bogomips	: 3791.05
clflush size	: 64
cache_alignment	: 64
address sizes	: 36 bits physical, 48 bits virtual
power management:



Memory: 4k page, physical 3928968k(88440k free), swap 2097148k(4k free)

vm_info: Java HotSpot(TM) 64-Bit Server VM (25.131-b11) for linux-amd64 JRE (1.8.0_131-b11), built on Mar 15 2017 01:23:40 by "java_re" with gcc 4.3.0 20080428 (Red Hat 4.3.0-8)

time: Fri Sep 29 16:55:57 2017
elapsed time: 238 seconds (0d 0h 3m 58s)

